<?xml version="1.0" encoding="UTF-8"?>
<!-- Generated by org.testng.reporters.JUnitReportReporter -->
<testsuite hostname="RAJ" failures="0" tests="1" name="automation.HivencyTest" time="10.118" errors="0" timestamp="2023-03-06T23:11:06 CET" skipped="0">
  <testcase classname="automation.HivencyTest" name="testVirtualLandscapeInteractions" time="10.118"/>
  <system-out/>
</testsuite> <!-- automation.HivencyTest -->
