<?xml version="1.0" encoding="UTF-8"?>
<!-- Generated by org.testng.reporters.JUnitReportReporter -->
<testsuite hostname="RAJ" failures="0" tests="1" name="automation.FunctionalTest" time="20.137" errors="0" timestamp="2023-03-07T11:10:18 CET" skipped="0">
  <testcase classname="automation.FunctionalTest" name="testVirtualLandscapeInteractions" time="20.137"/>
  <system-out/>
</testsuite> <!-- automation.FunctionalTest -->
