<?xml version="1.0" encoding="UTF-8"?>
<!-- Generated by org.testng.reporters.JUnitReportReporter -->
<testsuite hostname="RAJ" failures="0" tests="1" name="automation.CompatiblityTest" time="31.642" errors="0" timestamp="2023-03-07T14:47:10 CET" skipped="0">
  <testcase classname="automation.CompatiblityTest" name="testVirtualLandscapeInteractions" time="31.642"/>
  <system-out/>
</testsuite> <!-- automation.CompatiblityTest -->
