<?xml version="1.0" encoding="UTF-8"?>
<!-- Generated by org.testng.reporters.JUnitReportReporter -->
<testsuite hostname="RAJ" failures="0" tests="1" name="automation.PerformanceTest" time="12.783" errors="0" timestamp="2023-03-07T11:11:51 CET" skipped="0">
  <testcase classname="automation.PerformanceTest" name="testVirtualLandscapeInteractions" time="12.783"/>
  <system-out/>
</testsuite> <!-- automation.PerformanceTest -->
